<?xml version="1.0" encoding="UTF-8"?>
<!-- Generated by org.testng.reporters.JUnitReportReporter -->
<testsuite hostname="DESKTOP-H4SH413" failures="0" tests="3" name="selenuimTestWeb_button.googleTest" time="22.610" errors="0" timestamp="2024-06-06T09:59:54 EEST" skipped="0">
  <testcase classname="selenuimTestWeb_button.googleTest" name="verifySearchButton" time="14.628"/>
  <system-out/>
  <testcase classname="selenuimTestWeb_button.googleTest" name="verifySearchButton" time="3.897"/>
  <system-out/>
  <testcase classname="selenuimTestWeb_button.googleTest" name="verifySearchButton" time="4.085"/>
  <system-out/>
</testsuite> <!-- selenuimTestWeb_button.googleTest -->
