<?xml version="1.0" encoding="UTF-8"?>
<!-- Generated by org.testng.reporters.JUnitReportReporter -->
<testsuite hostname="DESKTOP-H4SH413" failures="0" tests="12" name="selenuimTestWeb_button.testLogin" time="10.341" errors="0" timestamp="2024-06-06T11:36:58 EEST" skipped="0">
  <testcase classname="selenuimTestWeb_button.testLogin" name="verifyLogin" time="1.022"/>
  <system-out/>
  <testcase classname="selenuimTestWeb_button.testLogin" name="verifyLogin" time="1.164"/>
  <system-out/>
  <testcase classname="selenuimTestWeb_button.testLogin" name="verifyLogin" time="1.262"/>
  <system-out/>
  <testcase classname="selenuimTestWeb_button.testLogin" name="verifyLogin" time="0.813"/>
  <system-out/>
  <testcase classname="selenuimTestWeb_button.testLogin" name="verifyLogin" time="0.407"/>
  <system-out/>
  <testcase classname="selenuimTestWeb_button.testLogin" name="verifyLogin" time="0.337"/>
  <system-out/>
  <testcase classname="selenuimTestWeb_button.testLogin" name="verifyLogin" time="0.412"/>
  <system-out/>
  <testcase classname="selenuimTestWeb_button.testLogin" name="verifyLogin" time="0.930"/>
  <system-out/>
  <testcase classname="selenuimTestWeb_button.testLogin" name="verifyLogin" time="1.029"/>
  <system-out/>
  <testcase classname="selenuimTestWeb_button.testLogin" name="verifyLogin" time="0.970"/>
  <system-out/>
  <testcase classname="selenuimTestWeb_button.testLogin" name="verifyLogin" time="0.945"/>
  <system-out/>
  <testcase classname="selenuimTestWeb_button.testLogin" name="verifyLogin" time="1.050"/>
  <system-out/>
</testsuite> <!-- selenuimTestWeb_button.testLogin -->
