<?xml version="1.0" encoding="UTF-8"?>
<!-- Generated by org.testng.reporters.JUnitReportReporter -->
<testsuite hostname="DESKTOP-H4SH413" failures="0" tests="1" name="selenuimTestWeb_button.TestSearch_POM" time="1.658" errors="0" timestamp="2024-05-28T15:10:53 EEST" skipped="0">
  <testcase classname="selenuimTestWeb_button.TestSearch_POM" name="verifySearchButton" time="1.658"/>
  <system-out/>
</testsuite> <!-- selenuimTestWeb_button.TestSearch_POM -->
