<?xml version="1.0" encoding="UTF-8"?>
<!-- Generated by org.testng.reporters.JUnitReportReporter -->
<testsuite hostname="DESKTOP-H4SH413" failures="0" tests="1" name="selenuimTestWeb_button.googleTest" time="0.462" errors="0" timestamp="2024-05-22T14:07:51 EEST" skipped="0">
  <testcase classname="selenuimTestWeb_button.googleTest" name="verifySearchButton" time="0.462"/>
  <system-out/>
</testsuite> <!-- selenuimTestWeb_button.googleTest -->
